mode: atomic
github.com/NghiaLeopard/bookmark-management/internal/api/api.go:28.42,30.16 2 0
github.com/NghiaLeopard/bookmark-management/internal/api/api.go:30.16,32.3 1 0
github.com/NghiaLeopard/bookmark-management/internal/api/api.go:34.2,37.12 3 0
github.com/NghiaLeopard/bookmark-management/internal/api/api.go:40.68,42.2 1 0
github.com/NghiaLeopard/bookmark-management/internal/api/api.go:44.26,46.2 1 0
github.com/NghiaLeopard/bookmark-management/internal/api/api.go:48.31,63.2 11 0
github.com/NghiaLeopard/bookmark-management/internal/config/config.go:13.35,15.52 2 0
github.com/NghiaLeopard/bookmark-management/internal/config/config.go:15.52,17.3 1 0
github.com/NghiaLeopard/bookmark-management/internal/config/config.go:19.2,19.18 1 0
github.com/NghiaLeopard/bookmark-management/internal/api/api.go:28.42,30.16 2 0
github.com/NghiaLeopard/bookmark-management/internal/api/api.go:30.16,32.3 1 0
github.com/NghiaLeopard/bookmark-management/internal/api/api.go:34.2,37.12 3 0
github.com/NghiaLeopard/bookmark-management/internal/api/api.go:40.68,42.2 1 0
github.com/NghiaLeopard/bookmark-management/internal/api/api.go:44.26,46.2 1 0
github.com/NghiaLeopard/bookmark-management/internal/api/api.go:48.31,63.2 11 0
github.com/NghiaLeopard/bookmark-management/internal/config/config.go:13.35,15.52 2 0
github.com/NghiaLeopard/bookmark-management/internal/config/config.go:15.52,17.3 1 0
github.com/NghiaLeopard/bookmark-management/internal/config/config.go:19.2,19.18 1 0
github.com/NghiaLeopard/bookmark-management/internal/handler/genpass.go:18.64,20.2 1 2
github.com/NghiaLeopard/bookmark-management/internal/handler/genpass.go:24.59,27.16 2 2
github.com/NghiaLeopard/bookmark-management/internal/handler/genpass.go:27.16,30.3 2 1
github.com/NghiaLeopard/bookmark-management/internal/handler/genpass.go:32.2,32.52 1 1
github.com/NghiaLeopard/bookmark-management/internal/handler/healthcheck.go:18.62,22.2 1 5
github.com/NghiaLeopard/bookmark-management/internal/handler/healthcheck.go:33.58,36.16 2 5
github.com/NghiaLeopard/bookmark-management/internal/handler/healthcheck.go:36.16,39.3 2 1
github.com/NghiaLeopard/bookmark-management/internal/handler/healthcheck.go:41.2,41.36 1 4
github.com/NghiaLeopard/bookmark-management/internal/handler/shortenurl.go:20.90,24.2 1 4
github.com/NghiaLeopard/bookmark-management/internal/handler/shortenurl.go:31.64,33.51 2 4
github.com/NghiaLeopard/bookmark-management/internal/handler/shortenurl.go:33.51,36.3 2 2
github.com/NghiaLeopard/bookmark-management/internal/handler/shortenurl.go:38.2,39.16 2 2
github.com/NghiaLeopard/bookmark-management/internal/handler/shortenurl.go:39.16,42.3 2 1
github.com/NghiaLeopard/bookmark-management/internal/handler/shortenurl.go:44.2,47.4 1 1
github.com/NghiaLeopard/bookmark-management/internal/handler/shortenurl.go:50.60,54.2 1 0
github.com/NghiaLeopard/bookmark-management/internal/repository/urlstorage.go:19.50,23.2 1 0
github.com/NghiaLeopard/bookmark-management/internal/repository/urlstorage.go:25.98,28.2 2 0
github.com/NghiaLeopard/bookmark-management/internal/repository/urlstorage.go:30.79,32.2 1 0
github.com/NghiaLeopard/bookmark-management/internal/service/genpass.go:16.34,18.2 1 0
github.com/NghiaLeopard/bookmark-management/internal/service/genpass.go:22.70,25.30 2 0
github.com/NghiaLeopard/bookmark-management/internal/service/genpass.go:25.30,27.17 2 0
github.com/NghiaLeopard/bookmark-management/internal/service/genpass.go:27.17,29.4 1 0
github.com/NghiaLeopard/bookmark-management/internal/service/genpass.go:30.3,30.35 1 0
github.com/NghiaLeopard/bookmark-management/internal/service/genpass.go:33.2,33.30 1 0
github.com/NghiaLeopard/bookmark-management/internal/service/healthcheck.go:22.72,23.26 1 0
github.com/NghiaLeopard/bookmark-management/internal/service/healthcheck.go:23.26,27.3 2 0
github.com/NghiaLeopard/bookmark-management/internal/service/healthcheck.go:29.2,32.3 1 0
github.com/NghiaLeopard/bookmark-management/internal/service/healthcheck.go:35.71,38.36 2 0
github.com/NghiaLeopard/bookmark-management/internal/service/healthcheck.go:38.36,45.3 1 0
github.com/NghiaLeopard/bookmark-management/internal/service/healthcheck.go:47.2,54.25 2 0
github.com/NghiaLeopard/bookmark-management/internal/service/shortenurl.go:21.96,26.2 1 0
github.com/NghiaLeopard/bookmark-management/internal/service/shortenurl.go:30.117,33.16 2 0
github.com/NghiaLeopard/bookmark-management/internal/service/shortenurl.go:33.16,35.3 1 0
github.com/NghiaLeopard/bookmark-management/internal/service/shortenurl.go:37.2,39.16 2 0
github.com/NghiaLeopard/bookmark-management/internal/service/shortenurl.go:39.16,41.3 1 0
github.com/NghiaLeopard/bookmark-management/internal/service/shortenurl.go:43.2,43.18 1 0
github.com/NghiaLeopard/bookmark-management/internal/service/shortenurl.go:46.92,48.2 1 0
github.com/NghiaLeopard/bookmark-management/internal/api/api.go:28.42,30.16 2 10
github.com/NghiaLeopard/bookmark-management/internal/api/api.go:30.16,32.3 1 0
github.com/NghiaLeopard/bookmark-management/internal/api/api.go:34.2,37.12 3 10
github.com/NghiaLeopard/bookmark-management/internal/api/api.go:40.68,42.2 1 10
github.com/NghiaLeopard/bookmark-management/internal/api/api.go:44.26,46.2 1 0
github.com/NghiaLeopard/bookmark-management/internal/api/api.go:48.31,63.2 11 10
github.com/NghiaLeopard/bookmark-management/internal/config/config.go:13.35,15.52 2 10
github.com/NghiaLeopard/bookmark-management/internal/config/config.go:15.52,17.3 1 0
github.com/NghiaLeopard/bookmark-management/internal/config/config.go:19.2,19.18 1 10
github.com/NghiaLeopard/bookmark-management/internal/handler/genpass.go:18.64,20.2 1 10
github.com/NghiaLeopard/bookmark-management/internal/handler/genpass.go:24.59,27.16 2 1
github.com/NghiaLeopard/bookmark-management/internal/handler/genpass.go:27.16,30.3 2 0
github.com/NghiaLeopard/bookmark-management/internal/handler/genpass.go:32.2,32.52 1 1
github.com/NghiaLeopard/bookmark-management/internal/handler/healthcheck.go:18.62,22.2 1 10
github.com/NghiaLeopard/bookmark-management/internal/handler/healthcheck.go:33.58,36.16 2 5
github.com/NghiaLeopard/bookmark-management/internal/handler/healthcheck.go:36.16,39.3 2 1
github.com/NghiaLeopard/bookmark-management/internal/handler/healthcheck.go:41.2,41.36 1 4
github.com/NghiaLeopard/bookmark-management/internal/handler/shortenurl.go:20.90,24.2 1 10
github.com/NghiaLeopard/bookmark-management/internal/handler/shortenurl.go:31.64,33.51 2 4
github.com/NghiaLeopard/bookmark-management/internal/handler/shortenurl.go:33.51,36.3 2 2
github.com/NghiaLeopard/bookmark-management/internal/handler/shortenurl.go:38.2,39.16 2 2
github.com/NghiaLeopard/bookmark-management/internal/handler/shortenurl.go:39.16,42.3 2 1
github.com/NghiaLeopard/bookmark-management/internal/handler/shortenurl.go:44.2,47.4 1 1
github.com/NghiaLeopard/bookmark-management/internal/handler/shortenurl.go:50.60,54.2 1 0
github.com/NghiaLeopard/bookmark-management/internal/repository/urlstorage.go:19.50,23.2 1 10
github.com/NghiaLeopard/bookmark-management/internal/repository/urlstorage.go:25.98,28.2 2 2
github.com/NghiaLeopard/bookmark-management/internal/repository/urlstorage.go:30.79,32.2 1 0
github.com/NghiaLeopard/bookmark-management/internal/service/genpass.go:16.34,18.2 1 10
github.com/NghiaLeopard/bookmark-management/internal/service/genpass.go:22.70,25.30 2 3
github.com/NghiaLeopard/bookmark-management/internal/service/genpass.go:25.30,27.17 2 26
github.com/NghiaLeopard/bookmark-management/internal/service/genpass.go:27.17,29.4 1 0
github.com/NghiaLeopard/bookmark-management/internal/service/genpass.go:30.3,30.35 1 26
github.com/NghiaLeopard/bookmark-management/internal/service/genpass.go:33.2,33.30 1 3
github.com/NghiaLeopard/bookmark-management/internal/service/healthcheck.go:22.72,23.26 1 10
github.com/NghiaLeopard/bookmark-management/internal/service/healthcheck.go:23.26,27.3 2 7
github.com/NghiaLeopard/bookmark-management/internal/service/healthcheck.go:29.2,32.3 1 10
github.com/NghiaLeopard/bookmark-management/internal/service/healthcheck.go:35.71,38.36 2 5
github.com/NghiaLeopard/bookmark-management/internal/service/healthcheck.go:38.36,45.3 1 1
github.com/NghiaLeopard/bookmark-management/internal/service/healthcheck.go:47.2,54.25 2 4
github.com/NghiaLeopard/bookmark-management/internal/service/shortenurl.go:21.96,26.2 1 10
github.com/NghiaLeopard/bookmark-management/internal/service/shortenurl.go:30.117,33.16 2 2
github.com/NghiaLeopard/bookmark-management/internal/service/shortenurl.go:33.16,35.3 1 0
github.com/NghiaLeopard/bookmark-management/internal/service/shortenurl.go:37.2,39.16 2 2
github.com/NghiaLeopard/bookmark-management/internal/service/shortenurl.go:39.16,41.3 1 1
github.com/NghiaLeopard/bookmark-management/internal/service/shortenurl.go:43.2,43.18 1 1
github.com/NghiaLeopard/bookmark-management/internal/service/shortenurl.go:46.92,48.2 1 0
github.com/NghiaLeopard/bookmark-management/internal/api/api.go:28.42,30.16 2 0
github.com/NghiaLeopard/bookmark-management/internal/api/api.go:30.16,32.3 1 0
github.com/NghiaLeopard/bookmark-management/internal/api/api.go:34.2,37.12 3 0
github.com/NghiaLeopard/bookmark-management/internal/api/api.go:40.68,42.2 1 0
github.com/NghiaLeopard/bookmark-management/internal/api/api.go:44.26,46.2 1 0
github.com/NghiaLeopard/bookmark-management/internal/api/api.go:48.31,59.18 8 0
github.com/NghiaLeopard/bookmark-management/internal/api/api.go:59.18,64.3 4 0
github.com/NghiaLeopard/bookmark-management/internal/config/config.go:13.35,15.52 2 0
github.com/NghiaLeopard/bookmark-management/internal/config/config.go:15.52,17.3 1 0
github.com/NghiaLeopard/bookmark-management/internal/config/config.go:19.2,19.18 1 0
github.com/NghiaLeopard/bookmark-management/internal/handler/genpass.go:18.64,20.2 1 0
github.com/NghiaLeopard/bookmark-management/internal/handler/genpass.go:24.59,27.16 2 0
github.com/NghiaLeopard/bookmark-management/internal/handler/genpass.go:27.16,30.3 2 0
github.com/NghiaLeopard/bookmark-management/internal/handler/genpass.go:32.2,32.52 1 0
github.com/NghiaLeopard/bookmark-management/internal/handler/healthcheck.go:18.62,22.2 1 0
github.com/NghiaLeopard/bookmark-management/internal/handler/healthcheck.go:33.58,36.2 2 0
github.com/NghiaLeopard/bookmark-management/internal/handler/shortenurl.go:20.90,24.2 1 0
github.com/NghiaLeopard/bookmark-management/internal/handler/shortenurl.go:31.64,33.51 2 0
github.com/NghiaLeopard/bookmark-management/internal/handler/shortenurl.go:33.51,36.3 2 0
github.com/NghiaLeopard/bookmark-management/internal/handler/shortenurl.go:38.2,39.16 2 0
github.com/NghiaLeopard/bookmark-management/internal/handler/shortenurl.go:39.16,42.3 2 0
github.com/NghiaLeopard/bookmark-management/internal/handler/shortenurl.go:44.2,47.8 2 0
github.com/NghiaLeopard/bookmark-management/internal/handler/shortenurl.go:50.60,55.2 2 0
github.com/NghiaLeopard/bookmark-management/internal/repository/urlstorage.go:19.50,23.2 1 2
github.com/NghiaLeopard/bookmark-management/internal/repository/urlstorage.go:25.98,28.2 2 2
github.com/NghiaLeopard/bookmark-management/internal/repository/urlstorage.go:30.79,32.2 1 0
github.com/NghiaLeopard/bookmark-management/internal/service/genpass.go:16.34,18.2 1 0
github.com/NghiaLeopard/bookmark-management/internal/service/genpass.go:22.70,25.30 2 0
github.com/NghiaLeopard/bookmark-management/internal/service/genpass.go:25.30,27.17 2 0
github.com/NghiaLeopard/bookmark-management/internal/service/genpass.go:27.17,29.4 1 0
github.com/NghiaLeopard/bookmark-management/internal/service/genpass.go:30.3,30.35 1 0
github.com/NghiaLeopard/bookmark-management/internal/service/genpass.go:33.2,33.30 1 0
github.com/NghiaLeopard/bookmark-management/internal/service/healthcheck.go:18.53,19.26 1 0
github.com/NghiaLeopard/bookmark-management/internal/service/healthcheck.go:19.26,23.3 2 0
github.com/NghiaLeopard/bookmark-management/internal/service/healthcheck.go:25.2,27.3 1 0
github.com/NghiaLeopard/bookmark-management/internal/service/healthcheck.go:30.62,38.2 2 0
github.com/NghiaLeopard/bookmark-management/internal/service/shortenurl.go:21.96,26.2 1 0
github.com/NghiaLeopard/bookmark-management/internal/service/shortenurl.go:30.117,33.16 2 0
github.com/NghiaLeopard/bookmark-management/internal/service/shortenurl.go:33.16,35.3 1 0
github.com/NghiaLeopard/bookmark-management/internal/service/shortenurl.go:37.2,39.16 2 0
github.com/NghiaLeopard/bookmark-management/internal/service/shortenurl.go:39.16,41.3 1 0
github.com/NghiaLeopard/bookmark-management/internal/service/shortenurl.go:43.2,43.18 1 0
github.com/NghiaLeopard/bookmark-management/internal/service/shortenurl.go:46.92,48.2 1 0
github.com/NghiaLeopard/bookmark-management/internal/api/api.go:28.42,30.16 2 0
github.com/NghiaLeopard/bookmark-management/internal/api/api.go:30.16,32.3 1 0
github.com/NghiaLeopard/bookmark-management/internal/api/api.go:34.2,37.12 3 0
github.com/NghiaLeopard/bookmark-management/internal/api/api.go:40.68,42.2 1 0
github.com/NghiaLeopard/bookmark-management/internal/api/api.go:44.26,46.2 1 0
github.com/NghiaLeopard/bookmark-management/internal/api/api.go:48.31,63.2 11 0
github.com/NghiaLeopard/bookmark-management/internal/config/config.go:13.35,15.52 2 0
github.com/NghiaLeopard/bookmark-management/internal/config/config.go:15.52,17.3 1 0
github.com/NghiaLeopard/bookmark-management/internal/config/config.go:19.2,19.18 1 0
github.com/NghiaLeopard/bookmark-management/internal/handler/genpass.go:18.64,20.2 1 0
github.com/NghiaLeopard/bookmark-management/internal/handler/genpass.go:24.59,27.16 2 0
github.com/NghiaLeopard/bookmark-management/internal/handler/genpass.go:27.16,30.3 2 0
github.com/NghiaLeopard/bookmark-management/internal/handler/genpass.go:32.2,32.52 1 0
github.com/NghiaLeopard/bookmark-management/internal/handler/healthcheck.go:18.62,22.2 1 0
github.com/NghiaLeopard/bookmark-management/internal/handler/healthcheck.go:33.58,36.16 2 0
github.com/NghiaLeopard/bookmark-management/internal/handler/healthcheck.go:36.16,39.3 2 0
github.com/NghiaLeopard/bookmark-management/internal/handler/healthcheck.go:41.2,41.36 1 0
github.com/NghiaLeopard/bookmark-management/internal/handler/shortenurl.go:20.90,24.2 1 0
github.com/NghiaLeopard/bookmark-management/internal/handler/shortenurl.go:31.64,33.51 2 0
github.com/NghiaLeopard/bookmark-management/internal/handler/shortenurl.go:33.51,36.3 2 0
github.com/NghiaLeopard/bookmark-management/internal/handler/shortenurl.go:38.2,39.16 2 0
github.com/NghiaLeopard/bookmark-management/internal/handler/shortenurl.go:39.16,42.3 2 0
github.com/NghiaLeopard/bookmark-management/internal/handler/shortenurl.go:44.2,47.4 1 0
github.com/NghiaLeopard/bookmark-management/internal/handler/shortenurl.go:50.60,54.2 1 0
github.com/NghiaLeopard/bookmark-management/internal/repository/urlstorage.go:19.50,23.2 1 0
github.com/NghiaLeopard/bookmark-management/internal/repository/urlstorage.go:25.98,28.2 2 0
github.com/NghiaLeopard/bookmark-management/internal/repository/urlstorage.go:30.79,32.2 1 0
github.com/NghiaLeopard/bookmark-management/internal/service/genpass.go:16.34,18.2 1 3
github.com/NghiaLeopard/bookmark-management/internal/service/genpass.go:22.70,25.30 2 3
github.com/NghiaLeopard/bookmark-management/internal/service/genpass.go:25.30,27.17 2 100028
github.com/NghiaLeopard/bookmark-management/internal/service/genpass.go:27.17,29.4 1 0
github.com/NghiaLeopard/bookmark-management/internal/service/genpass.go:30.3,30.35 1 100028
github.com/NghiaLeopard/bookmark-management/internal/service/genpass.go:33.2,33.30 1 3
github.com/NghiaLeopard/bookmark-management/internal/service/healthcheck.go:22.72,23.26 1 5
github.com/NghiaLeopard/bookmark-management/internal/service/healthcheck.go:23.26,27.3 2 2
github.com/NghiaLeopard/bookmark-management/internal/service/healthcheck.go:29.2,32.3 1 5
github.com/NghiaLeopard/bookmark-management/internal/service/healthcheck.go:35.71,38.36 2 5
github.com/NghiaLeopard/bookmark-management/internal/service/healthcheck.go:38.36,45.3 1 1
github.com/NghiaLeopard/bookmark-management/internal/service/healthcheck.go:47.2,54.25 2 4
github.com/NghiaLeopard/bookmark-management/internal/service/shortenurl.go:21.96,26.2 1 3
github.com/NghiaLeopard/bookmark-management/internal/service/shortenurl.go:30.117,33.16 2 3
github.com/NghiaLeopard/bookmark-management/internal/service/shortenurl.go:33.16,35.3 1 1
github.com/NghiaLeopard/bookmark-management/internal/service/shortenurl.go:37.2,39.16 2 2
github.com/NghiaLeopard/bookmark-management/internal/service/shortenurl.go:39.16,41.3 1 1
github.com/NghiaLeopard/bookmark-management/internal/service/shortenurl.go:43.2,43.18 1 1
github.com/NghiaLeopard/bookmark-management/internal/service/shortenurl.go:46.92,48.2 1 0
