mode: atomic
github.com/NghiaLeopard/bookmark-management/cmd/main.go:5.13,9.2 2 0
github.com/NghiaLeopard/bookmark-management/internal/api/api.go:20.25,26.2 3 0
github.com/NghiaLeopard/bookmark-management/internal/api/api.go:28.68,30.2 1 0
github.com/NghiaLeopard/bookmark-management/internal/api/api.go:32.26,34.2 1 0
github.com/NghiaLeopard/bookmark-management/internal/api/api.go:36.31,40.2 3 0
github.com/NghiaLeopard/bookmark-management/cmd/main.go:5.13,9.2 2 0
github.com/NghiaLeopard/bookmark-management/internal/api/api.go:20.25,26.2 3 0
github.com/NghiaLeopard/bookmark-management/internal/api/api.go:28.68,30.2 1 0
github.com/NghiaLeopard/bookmark-management/internal/api/api.go:32.26,34.2 1 0
github.com/NghiaLeopard/bookmark-management/internal/api/api.go:36.31,40.2 3 0
github.com/NghiaLeopard/bookmark-management/internal/handler/genpass.go:18.64,20.2 1 2
github.com/NghiaLeopard/bookmark-management/internal/handler/genpass.go:24.59,27.16 2 2
github.com/NghiaLeopard/bookmark-management/internal/handler/genpass.go:27.16,30.3 2 1
github.com/NghiaLeopard/bookmark-management/internal/handler/genpass.go:32.2,32.52 1 1
github.com/NghiaLeopard/bookmark-management/internal/service/genpass.go:16.34,18.2 1 0
github.com/NghiaLeopard/bookmark-management/internal/service/genpass.go:22.70,25.30 2 0
github.com/NghiaLeopard/bookmark-management/internal/service/genpass.go:25.30,27.17 2 0
github.com/NghiaLeopard/bookmark-management/internal/service/genpass.go:27.17,29.4 1 0
github.com/NghiaLeopard/bookmark-management/internal/service/genpass.go:30.3,30.35 1 0
github.com/NghiaLeopard/bookmark-management/internal/service/genpass.go:33.2,33.30 1 0
github.com/NghiaLeopard/bookmark-management/internal/service/mocks/genpass.go:13.65,16.19 2 2
github.com/NghiaLeopard/bookmark-management/internal/service/mocks/genpass.go:16.19,17.58 1 0
github.com/NghiaLeopard/bookmark-management/internal/service/mocks/genpass.go:20.2,22.58 3 2
github.com/NghiaLeopard/bookmark-management/internal/service/mocks/genpass.go:22.58,24.3 1 0
github.com/NghiaLeopard/bookmark-management/internal/service/mocks/genpass.go:25.2,25.49 1 2
github.com/NghiaLeopard/bookmark-management/internal/service/mocks/genpass.go:25.49,27.3 1 0
github.com/NghiaLeopard/bookmark-management/internal/service/mocks/genpass.go:27.8,29.3 1 2
github.com/NghiaLeopard/bookmark-management/internal/service/mocks/genpass.go:31.2,31.48 1 2
github.com/NghiaLeopard/bookmark-management/internal/service/mocks/genpass.go:31.48,33.3 1 0
github.com/NghiaLeopard/bookmark-management/internal/service/mocks/genpass.go:33.8,35.3 1 2
github.com/NghiaLeopard/bookmark-management/internal/service/mocks/genpass.go:37.2,37.15 1 2
github.com/NghiaLeopard/bookmark-management/internal/service/mocks/genpass.go:45.13,49.19 3 2
github.com/NghiaLeopard/bookmark-management/internal/service/mocks/genpass.go:49.19,49.49 1 2
github.com/NghiaLeopard/bookmark-management/internal/service/mocks/genpass.go:51.2,51.13 1 2
github.com/NghiaLeopard/bookmark-management/cmd/main.go:5.13,9.2 2 0
github.com/NghiaLeopard/bookmark-management/internal/api/api.go:20.25,26.2 3 1
github.com/NghiaLeopard/bookmark-management/internal/api/api.go:28.68,30.2 1 1
github.com/NghiaLeopard/bookmark-management/internal/api/api.go:32.26,34.2 1 0
github.com/NghiaLeopard/bookmark-management/internal/api/api.go:36.31,40.2 3 1
github.com/NghiaLeopard/bookmark-management/internal/handler/genpass.go:18.64,20.2 1 1
github.com/NghiaLeopard/bookmark-management/internal/handler/genpass.go:24.59,27.16 2 1
github.com/NghiaLeopard/bookmark-management/internal/handler/genpass.go:27.16,30.3 2 0
github.com/NghiaLeopard/bookmark-management/internal/handler/genpass.go:32.2,32.52 1 1
github.com/NghiaLeopard/bookmark-management/internal/service/genpass.go:16.34,18.2 1 1
github.com/NghiaLeopard/bookmark-management/internal/service/genpass.go:22.70,25.30 2 1
github.com/NghiaLeopard/bookmark-management/internal/service/genpass.go:25.30,27.17 2 12
github.com/NghiaLeopard/bookmark-management/internal/service/genpass.go:27.17,29.4 1 0
github.com/NghiaLeopard/bookmark-management/internal/service/genpass.go:30.3,30.35 1 12
github.com/NghiaLeopard/bookmark-management/internal/service/genpass.go:33.2,33.30 1 1
github.com/NghiaLeopard/bookmark-management/internal/service/mocks/genpass.go:13.65,16.19 2 0
github.com/NghiaLeopard/bookmark-management/internal/service/mocks/genpass.go:16.19,17.58 1 0
github.com/NghiaLeopard/bookmark-management/internal/service/mocks/genpass.go:20.2,22.58 3 0
github.com/NghiaLeopard/bookmark-management/internal/service/mocks/genpass.go:22.58,24.3 1 0
github.com/NghiaLeopard/bookmark-management/internal/service/mocks/genpass.go:25.2,25.49 1 0
github.com/NghiaLeopard/bookmark-management/internal/service/mocks/genpass.go:25.49,27.3 1 0
github.com/NghiaLeopard/bookmark-management/internal/service/mocks/genpass.go:27.8,29.3 1 0
github.com/NghiaLeopard/bookmark-management/internal/service/mocks/genpass.go:31.2,31.48 1 0
github.com/NghiaLeopard/bookmark-management/internal/service/mocks/genpass.go:31.48,33.3 1 0
github.com/NghiaLeopard/bookmark-management/internal/service/mocks/genpass.go:33.8,35.3 1 0
github.com/NghiaLeopard/bookmark-management/internal/service/mocks/genpass.go:37.2,37.15 1 0
github.com/NghiaLeopard/bookmark-management/internal/service/mocks/genpass.go:45.13,49.19 3 0
github.com/NghiaLeopard/bookmark-management/internal/service/mocks/genpass.go:49.19,49.49 1 0
github.com/NghiaLeopard/bookmark-management/internal/service/mocks/genpass.go:51.2,51.13 1 0
github.com/NghiaLeopard/bookmark-management/cmd/main.go:5.13,9.2 2 0
github.com/NghiaLeopard/bookmark-management/internal/api/api.go:20.25,26.2 3 0
github.com/NghiaLeopard/bookmark-management/internal/api/api.go:28.68,30.2 1 0
github.com/NghiaLeopard/bookmark-management/internal/api/api.go:32.26,34.2 1 0
github.com/NghiaLeopard/bookmark-management/internal/api/api.go:36.31,40.2 3 0
github.com/NghiaLeopard/bookmark-management/internal/handler/genpass.go:18.64,20.2 1 0
github.com/NghiaLeopard/bookmark-management/internal/handler/genpass.go:24.59,27.16 2 0
github.com/NghiaLeopard/bookmark-management/internal/handler/genpass.go:27.16,30.3 2 0
github.com/NghiaLeopard/bookmark-management/internal/handler/genpass.go:32.2,32.52 1 0
github.com/NghiaLeopard/bookmark-management/internal/service/genpass.go:16.34,18.2 1 3
github.com/NghiaLeopard/bookmark-management/internal/service/genpass.go:22.70,25.30 2 3
github.com/NghiaLeopard/bookmark-management/internal/service/genpass.go:25.30,27.17 2 100028
github.com/NghiaLeopard/bookmark-management/internal/service/genpass.go:27.17,29.4 1 0
github.com/NghiaLeopard/bookmark-management/internal/service/genpass.go:30.3,30.35 1 100028
github.com/NghiaLeopard/bookmark-management/internal/service/genpass.go:33.2,33.30 1 3
github.com/NghiaLeopard/bookmark-management/internal/service/mocks/genpass.go:13.65,16.19 2 0
github.com/NghiaLeopard/bookmark-management/internal/service/mocks/genpass.go:16.19,17.58 1 0
github.com/NghiaLeopard/bookmark-management/internal/service/mocks/genpass.go:20.2,22.58 3 0
github.com/NghiaLeopard/bookmark-management/internal/service/mocks/genpass.go:22.58,24.3 1 0
github.com/NghiaLeopard/bookmark-management/internal/service/mocks/genpass.go:25.2,25.49 1 0
github.com/NghiaLeopard/bookmark-management/internal/service/mocks/genpass.go:25.49,27.3 1 0
github.com/NghiaLeopard/bookmark-management/internal/service/mocks/genpass.go:27.8,29.3 1 0
github.com/NghiaLeopard/bookmark-management/internal/service/mocks/genpass.go:31.2,31.48 1 0
github.com/NghiaLeopard/bookmark-management/internal/service/mocks/genpass.go:31.48,33.3 1 0
github.com/NghiaLeopard/bookmark-management/internal/service/mocks/genpass.go:33.8,35.3 1 0
github.com/NghiaLeopard/bookmark-management/internal/service/mocks/genpass.go:37.2,37.15 1 0
github.com/NghiaLeopard/bookmark-management/internal/service/mocks/genpass.go:45.13,49.19 3 0
github.com/NghiaLeopard/bookmark-management/internal/service/mocks/genpass.go:49.19,49.49 1 0
github.com/NghiaLeopard/bookmark-management/internal/service/mocks/genpass.go:51.2,51.13 1 0
github.com/NghiaLeopard/bookmark-management/internal/service/mocks/genpass.go:13.65,16.19 2 0
github.com/NghiaLeopard/bookmark-management/internal/service/mocks/genpass.go:16.19,17.58 1 0
github.com/NghiaLeopard/bookmark-management/internal/service/mocks/genpass.go:20.2,22.58 3 0
github.com/NghiaLeopard/bookmark-management/internal/service/mocks/genpass.go:22.58,24.3 1 0
github.com/NghiaLeopard/bookmark-management/internal/service/mocks/genpass.go:25.2,25.49 1 0
github.com/NghiaLeopard/bookmark-management/internal/service/mocks/genpass.go:25.49,27.3 1 0
github.com/NghiaLeopard/bookmark-management/internal/service/mocks/genpass.go:27.8,29.3 1 0
github.com/NghiaLeopard/bookmark-management/internal/service/mocks/genpass.go:31.2,31.48 1 0
github.com/NghiaLeopard/bookmark-management/internal/service/mocks/genpass.go:31.48,33.3 1 0
github.com/NghiaLeopard/bookmark-management/internal/service/mocks/genpass.go:33.8,35.3 1 0
github.com/NghiaLeopard/bookmark-management/internal/service/mocks/genpass.go:37.2,37.15 1 0
github.com/NghiaLeopard/bookmark-management/internal/service/mocks/genpass.go:45.13,49.19 3 0
github.com/NghiaLeopard/bookmark-management/internal/service/mocks/genpass.go:49.19,49.49 1 0
github.com/NghiaLeopard/bookmark-management/internal/service/mocks/genpass.go:51.2,51.13 1 0
